2017-05-30 20:57:17,299 CRIT Supervisor running as root (no user in config file)
2017-05-30 20:57:17,305 INFO supervisord started with pid 173
2017-05-30 20:57:18,313 INFO spawned: 'stdout' with pid 177
2017-05-30 20:57:18,316 INFO spawned: 'nginx' with pid 178
2017-05-30 20:57:18,318 INFO spawned: 'php7.0-fpm' with pid 179
2017-05-30 20:57:18,323 INFO spawned: 'php7.0-fpm-log' with pid 180
2017-05-30 20:57:18,328 INFO exited: php7.0-fpm-log (exit status 1; not expected)
2017-05-30 20:57:19,395 INFO success: stdout entered RUNNING state, process has stayed up for > than 1 seconds (startsecs)
2017-05-30 20:57:19,397 INFO success: nginx entered RUNNING state, process has stayed up for > than 1 seconds (startsecs)
2017-05-30 20:57:19,398 INFO success: php7.0-fpm entered RUNNING state, process has stayed up for > than 1 seconds (startsecs)
2017-05-30 20:57:19,400 INFO spawned: 'php7.0-fpm-log' with pid 187
2017-05-30 20:57:20,407 INFO success: php7.0-fpm-log entered RUNNING state, process has stayed up for > than 1 seconds (startsecs)
2017-05-30 21:07:07,861 CRIT Supervisor running as root (no user in config file)
2017-05-30 21:07:07,875 INFO supervisord started with pid 173
2017-05-30 21:07:08,879 INFO spawned: 'stdout' with pid 177
2017-05-30 21:07:08,882 INFO spawned: 'nginx' with pid 178
2017-05-30 21:07:08,884 INFO spawned: 'php7.0-fpm' with pid 179
2017-05-30 21:07:08,891 INFO spawned: 'php7.0-fpm-log' with pid 180
2017-05-30 21:07:08,902 INFO exited: php7.0-fpm-log (exit status 1; not expected)
2017-05-30 21:07:10,018 INFO success: stdout entered RUNNING state, process has stayed up for > than 1 seconds (startsecs)
2017-05-30 21:07:10,019 INFO success: nginx entered RUNNING state, process has stayed up for > than 1 seconds (startsecs)
2017-05-30 21:07:10,020 INFO success: php7.0-fpm entered RUNNING state, process has stayed up for > than 1 seconds (startsecs)
2017-05-30 21:07:10,025 INFO spawned: 'php7.0-fpm-log' with pid 187
2017-05-30 21:07:11,035 INFO success: php7.0-fpm-log entered RUNNING state, process has stayed up for > than 1 seconds (startsecs)
2017-05-30 21:26:48,741 CRIT Supervisor running as root (no user in config file)
2017-05-30 21:26:48,754 INFO supervisord started with pid 172
2017-05-30 21:26:49,758 INFO spawned: 'stdout' with pid 176
2017-05-30 21:26:49,760 INFO spawned: 'nginx' with pid 177
2017-05-30 21:26:49,763 INFO spawned: 'php7.0-fpm' with pid 178
2017-05-30 21:26:49,765 INFO spawned: 'php7.0-fpm-log' with pid 179
2017-05-30 21:26:49,770 INFO exited: php7.0-fpm-log (exit status 1; not expected)
2017-05-30 21:26:50,847 INFO success: stdout entered RUNNING state, process has stayed up for > than 1 seconds (startsecs)
2017-05-30 21:26:50,849 INFO success: nginx entered RUNNING state, process has stayed up for > than 1 seconds (startsecs)
2017-05-30 21:26:50,850 INFO success: php7.0-fpm entered RUNNING state, process has stayed up for > than 1 seconds (startsecs)
2017-05-30 21:26:50,852 INFO spawned: 'php7.0-fpm-log' with pid 186
2017-05-30 21:26:51,860 INFO success: php7.0-fpm-log entered RUNNING state, process has stayed up for > than 1 seconds (startsecs)
